<?xml version="1.0" encoding="UTF-8"?>
<testng-results ignored="0" total="1" passed="1" failed="0" skipped="0">
  <reporter-output>
  </reporter-output>
  <suite started-at="2021-10-26T13:10:12 CDT" name="TestSuite" finished-at="2021-10-26T13:10:21 CDT" duration-ms="8763">
    <groups>
    </groups>
    <test started-at="2021-10-26T13:10:12 CDT" name="LoginTest" finished-at="2021-10-26T13:10:21 CDT" duration-ms="8763">
      <class name="com.miszio.mvnselenium.Login">
        <test-method is-config="true" signature="setup()[pri:0, instance:com.miszio.mvnselenium.Login@65fb9ffc]" started-at="2021-10-26T13:10:12 CDT" name="setup" finished-at="2021-10-26T13:10:14 CDT" duration-ms="1685" status="PASS">
          <reporter-output>
          </reporter-output>
        </test-method> <!-- setup -->
        <test-method signature="loginTest()[pri:0, instance:com.miszio.mvnselenium.Login@65fb9ffc]" started-at="2021-10-26T13:10:14 CDT" name="loginTest" finished-at="2021-10-26T13:10:21 CDT" duration-ms="6962" status="PASS">
          <reporter-output>
          </reporter-output>
        </test-method> <!-- loginTest -->
        <test-method is-config="true" signature="teardown()[pri:0, instance:com.miszio.mvnselenium.Login@65fb9ffc]" started-at="2021-10-26T13:10:21 CDT" name="teardown" finished-at="2021-10-26T13:10:21 CDT" duration-ms="76" status="PASS">
          <reporter-output>
          </reporter-output>
        </test-method> <!-- teardown -->
      </class> <!-- com.miszio.mvnselenium.Login -->
    </test> <!-- LoginTest -->
  </suite> <!-- TestSuite -->
</testng-results>
